modeling cache now
**** ref L2 configuration summary ****
最小处理周期：3
L2容量（word）：64
**** cache under test configuration summary ****
NLANE=4
NSET=4; NWAY=2
LINEWORDS=4
N_MSHR_ENTRY=4
N_MSHR_SUBENTRY=2
N_MSHR_SPECIAL_ENTRY=4

 time | event
  101 | coreReq, r_idx5, op=0, param=0
  102 | coreReq, r_idx6, op=0, param=0
  103 | coreReq, r_idx7, op=0, param=0
  104 | memReq , a_op=4, a_src=5
  104 | coreReq, r_idx8, op=0, param=0
  105 | memReq , a_op=4, a_src=6
  105 | coreReq, r_idx9, op=0, param=0
  106 | memReq , a_op=4, a_src=7
  107 | memReq , a_op=4, a_src=8
  108 | memRsp , d_src=5
  109 | memRsp , d_src=6
  110 | memRsp , d_src=7
  111 | coreRsp 0 : reg_idx5 wid 29, is scalar 
  111 | memRsp , d_src=8
  112 | coreRsp 1 : reg_idx6 wid 12, is scalar 
  113 | coreRsp 2 : reg_idx7 wid 9, is scalar 
  114 | coreRsp 3 : reg_idx8 wid 23, is scalar 
  115 | memReq , a_op=4, a_src=9
  119 | memRsp , d_src=9
  122 | coreRsp 4 : reg_idx9 wid 28, is scalar 
set_idx | way 0               | way 1               |
        | v d --tag--- lat lft| v d --tag--- lat lft
      0 | 1 0 00000010 112 112| 0 0 11111111   0   0|
      1 | 1 0 00000001 109 109| 1 0 00000010 120 120|
      2 | 1 0 00000001 110 110| 0 0 00000000   0   0|
      3 | 1 0 00000001 111 111| 0 0 00000000   0   0|
