modeling cache now
**** ref L2 configuration summary ****
最小处理周期：3
L2容量（word）：64
**** cache under test configuration summary ****
NLANE=4
NSET=4; NWAY=2
LINEWORDS=4
N_MSHR_ENTRY=4
N_MSHR_SUBENTRY=2
N_MSHR_SPECIAL_ENTRY=4

 time | event  |wid|src|
  101 | coreReq| 16|   | r_idx5, op=0, param=0
  102 | coreReq| 14|   | r_idx99, op=1, param=0
  104 | memReq |   |  5| a_op=4
  105 | coreRsp| 14|   | r_idx99, is scalar 
  108 | memRsp |   |  5|
  111 | coreRsp| 16|   | r_idx5, is scalar 
set_idx | way 0               | way 1               |
        | v d --tag--- lat lft| v d --tag--- lat lft
      0 | 0 0 11111111   0   0| 0 0 11111111   0   0|
      1 | 0 0 11111111   0   0| 0 0 11111111   0   0|
      2 | 1 0 00000000 109 109| 0 0 11111100   0   0|
      3 | 0 0 11111111   0   0| 0 0 11111111   0   0|
转置完成！
