modeling cache now
**** ref L2 configuration summary ****
最小处理周期：3
L2容量（word）：64
**** cache under test configuration summary ****
NLANE=4
NSET=4; NWAY=2
LINEWORDS=4
N_MSHR_ENTRY=4
N_MSHR_SUBENTRY=2
N_MSHR_SPECIAL_ENTRY=4

 time | event  |wid|src|
  101 | coreReq| 14|   | r_idx99, op=1, param=0
  102 | coreReq|  5|   | r_idx99, op=1, param=0
  104 | coreRsp|  0|   | r_idx99, is scalar 
  104 | memReq |   |  0| a_op=1
  108 | memRsp |   |  0|
  110 | coreRsp|  0|   | r_idx99, is scalar 
  110 | memReq |   |  0| a_op=1
  114 | memRsp |   |  0|
set_idx | way 0               | way 1               |
        | v d --tag--- lat lft| v d --tag--- lat lft
      0 | 0 0 11111111   0   0| 0 0 11111111   0   0|
      1 | 0 0 11111111   0   0| 0 0 11111111   0   0|
      2 | 0 0 11111111   0   0| 0 0 11111111   0   0|
      3 | 0 0 11111111   0   0| 0 0 11111111   0   0|
转置完成！
